make all --print-data-base --no-builtin-variables --no-builtin-rules --question
# GNU Make 3.81
# Copyright (C) 2006  Free Software Foundation, Inc.
# This is free software; see the source for copying conditions.
# There is NO warranty; not even for MERCHANTABILITY or FITNESS FOR A
# PARTICULAR PURPOSE.

# This program built for i386-apple-darwin11.3.0
 
make: *** No rule to make target `all'.  Stop.


# Make data base, printed on Mon Aug  8 15:29:37 2022

 
# Variables

# environment
VSCODE_GIT_ASKPASS_MAIN = /Applications/Visual Studio Code.app/Contents/Resources/app/extensions/git/dist/askpass-main.js
# automatic
<D = $(patsubst %/,%,$(dir $<))
# automatic
?F = $(notdir $?)
# environment
ELECTRON_NO_ATTACH_CONSOLE = 1
# automatic
?D = $(patsubst %/,%,$(dir $?))
# automatic
@D = $(patsubst %/,%,$(dir $@))
# automatic
@F = $(notdir $@)
# makefile
CURDIR := /Users/ubugeeei/program/rust/golis
# makefile
SHELL = /bin/sh
# environment
VSCODE_NLS_CONFIG = {"locale":"ja","availableLanguages":{},"_languagePackSupport":true}
# environment
_ = /usr/bin/make
# environment
STARSHIP_SESSION_KEY = 2840213972322433
# environment
VSCODE_CWD = /Users/ubugeeei/program/rust/rusty-discord-invite-bot
# environment
PATH = /Users/ubugeeei/program/OSS/depot_tools:/Users/ubugeeei/.cabal/bin:/Users/ubugeeei/.ghcup/bin:/Users/ubugeeei/.local/bin:/Users/ubugeeei/.rbenv/shims:/usr/local/bin/golis:/usr/local/bin/mycrypto:/Users/ubugeeei/.deno/bin:/Users/ubugeeei/.volta/bin:/Users/ubugeeei/:nodebrew/current/bin:/usr/local/bin/nodebrew:.nodebrew/current/bin:/Users/ubugeeei/.npm-global/bin/:/Users/ubugeeei/.cargo/bin:/Users/ubugeeei/.cache/dein/repos/github.com/junegunn/fzf/bin:/Users/ubugeeei/.fzf/bin:/Users/ubugeeei/.fzf_bin/bin:/usr/local/bin:/usr/bin:/bin:/usr/sbin:/sbin:/opt/X11/bin:/Library/Apple/usr/bin:/Users/ubugeeei/.fig/bin:/Users/ubugeeei/.local/bin:/Users/ubugeeei/.fig/bin:/Users/ubugeeei/.local/bin:/Users/ubugeeei/.fig/bin:/Users/ubugeeei/.local/bin
# makefile (from `Makefile', line 1)
MAKEFILE_LIST :=  Makefile
# environment
GOPATH = /usr/local/lib/go
# environment
ELECTRON_RUN_AS_NODE = 1
# environment
DENO_HOME = /Users/ubugeeei/.deno
# default
.FEATURES := target-specific order-only second-expansion else-if archives jobserver check-symlink
# environment
SSH_AUTH_SOCK = /private/tmp/com.apple.launchd.EocHP3mc80/Listeners
# automatic
%F = $(notdir $%)
# environment
DISPLAY = /private/tmp/com.apple.launchd.xmeqzy7nUo/org.xquartz:0
# environment
TTY = /dev/ttys007
# environment
FIG_PID = 22512
# environment
PWD = /Users/ubugeeei/program/rust/golis
# environment
ORIGINAL_XDG_CURRENT_DESKTOP = undefined
# environment
VSCODE_AMD_ENTRYPOINT = vs/workbench/api/node/extensionHostProcess
# environment
HOME = /Users/ubugeeei
# default
MAKEFILEPATH := /Applications/Xcode.app/Contents/Developer/Makefiles
# environment
VSCODE_CLI = 1
# environment
VSCODE_CODE_CACHE_PATH = /Users/ubugeeei/Library/Application Support/Code/CachedData/3b889b090b5ad5793f524b5d1d39fda662b96a2a
# environment
LOGNAME = ubugeeei
# environment
APPLICATION_INSIGHTS_NO_DIAGNOSTIC_CHANNEL = true
# environment
VSCODE_HANDLES_UNCAUGHT_ERRORS = true
# automatic
^D = $(patsubst %/,%,$(dir $^))
# environment
MAKELEVEL := 0
# environment
XPC_FLAGS = 0x0
# environment
COLORTERM = truecolor
# default
MAKE = $(MAKE_COMMAND)
# default
MAKECMDGOALS := all
# environment
SHLVL = 3
# environment
VOLTA_HOME = /Users/ubugeeei/.volta
# environment
FIG_TERM = 1
# default
MAKE_VERSION := 3.81
# environment
USER = ubugeeei
# environment
FIG_TERM_VERSION = 4.4.2
# environment
TERM_SESSION_ID = 29844E89-7377-4A64-B9B4-D4D75A46CF66
# automatic
%D = $(patsubst %/,%,$(dir $%))
# environment
FIG_INTEGRATION_VERSION = 8
# default
MAKE_COMMAND := /Applications/Xcode.app/Contents/Developer/usr/bin/make
# environment
VSCODE_GIT_ASKPASS_EXTRA_ARGS = --ms-enable-electron-run-as-node
# environment
TERM_PROGRAM = vscode
# default
.VARIABLES := 
# environment
TMPDIR = /var/folders/15/y46f3z1s02d4zxklbyncxk9m0000gn/T/
# automatic
*F = $(notdir $*)
# environment
VSCODE_IPC_HOOK = /Users/ubugeeei/Library/Application Support/Code/1.69.2-main.sock
# environment
VSCODE_GIT_ASKPASS_NODE = /Applications/Visual Studio Code.app/Contents/Frameworks/Code Helper.app/Contents/MacOS/Code Helper
# environment
MallocNanoZone = 0
# makefile
MAKEFLAGS = Rrqp
# environment
MFLAGS = -Rrqp
# automatic
*D = $(patsubst %/,%,$(dir $*))
# environment
TERM_PROGRAM_VERSION = 1.69.2
# environment
XPC_SERVICE_NAME = 0
# automatic
+D = $(patsubst %/,%,$(dir $+))
# automatic
+F = $(notdir $+)
 
# environment
__CF_USER_TEXT_ENCODING = 0x1F5:0x1:0xE
# environment
GIT_ASKPASS = /Applications/Visual Studio Code.app/Contents/Resources/app/extensions/git/dist/askpass.sh
# default
MAKEFILES := 
# environment
RBENV_SHELL = fish
# automatic
<F = $(notdir $<)
# environment
LC_ALL = C
# automatic
^F = $(notdir $^)
# default
SUFFIXES := 
# default
.INCLUDE_DIRS = /usr/local/include
# environment
VSCODE_GIT_IPC_HANDLE = /var/folders/15/y46f3z1s02d4zxklbyncxk9m0000gn/T/vscode-git-b0eb2892d6.sock
# makefile
.DEFAULT_GOAL := run
# environment
LANG = C
# environment
TERM = xterm-256color
# environment
VSCODE_PID = 1178
# environment
STARSHIP_SHELL = fish
# variable set hash-table stats:
# Load=80/1024=8%, Rehash=0, Collisions=9/104=9%

# Pattern-specific Variable Values

# No pattern-specific variable values.

# Directories

# . (device 16777221, inode 108881810): 11 files, no impossibilities.

# 11 files, no impossibilities in 1 directories.

# Implicit Rules

# No implicit rules.

# Files

# Not a target:
all:
#  Command-line target.
#  Implicit rule search has been done.
#  File does not exist.
#  File has not been updated.
# variable set hash-table stats:
# Load=0/32=0%, Rehash=0, Collisions=0/0=0%

# Not a target:
.SUFFIXES:
#  Implicit rule search has not been done.
#  Modification time never checked.
#  File has not been updated.

# Not a target:
Makefile:
#  Implicit rule search has been done.
#  Last modified 2022-08-05 18:47:11
#  File has been updated.
#  Successfully updated.
# variable set hash-table stats:
# Load=0/32=0%, Rehash=0, Collisions=0/0=0%

install_fish:
#  Implicit rule search has not been done.
#  Modification time never checked.
#  File has not been updated.
#  commands to execute (from `Makefile', line 4):
	cp ./golis /usr/local/bin/
	echo  'set -gx PATH "/usr/local/bin/golis" \$PATH' >> ~/.config/fish/config.fish
	

# Not a target:
.DEFAULT:
#  Implicit rule search has not been done.
#  Modification time never checked.
#  File has not been updated.

run:
#  Implicit rule search has not been done.
#  Modification time never checked.
#  File has not been updated.
#  commands to execute (from `Makefile', line 2):
	./golis
	

# files hash-table stats:
# Load=6/1024=1%, Rehash=0, Collisions=0/18=0%
# VPATH Search Paths

# No `vpath' search paths.

# No general (`VPATH' variable) search path.

# # of strings in strcache: 1
# # of strcache buffers: 1
# strcache size: total = 4096 / max = 4096 / min = 4096 / avg = 4096
# strcache free: total = 4087 / max = 4087 / min = 4087 / avg = 4087

# Finished Make data base on Mon Aug  8 15:29:37 2022

 
